<?xml version="1.0" encoding="UTF-8"?>
<testng-results ignored="0" total="2" passed="1" failed="1" skipped="0">
  <reporter-output>
  </reporter-output>
  <suite started-at="2024-04-19T17:01:42 IST" name="Default suite" finished-at="2024-04-19T17:02:06 IST" duration-ms="23745">
    <groups>
      <group name="cucumber">
        <method signature="AbstractTestNGCucumberTests.runScenario(io.cucumber.testng.PickleWrapper,io.cucumber.testng.FeatureWrapper)[pri:0, instance:CucumberOptions.TestNGTestRunner@14028087]" name="runScenario" class="io.cucumber.testng.AbstractTestNGCucumberTests"/>
      </group> <!-- cucumber -->
    </groups>
    <test started-at="2024-04-19T17:01:42 IST" name="Default test" finished-at="2024-04-19T17:02:06 IST" duration-ms="23745">
      <class name="CucumberOptions.TestNGTestRunner">
        <test-method is-config="true" signature="setUpClass(org.testng.ITestContext)[pri:0, instance:CucumberOptions.TestNGTestRunner@14028087]" started-at="2024-04-19T17:01:42 IST" name="setUpClass" finished-at="2024-04-19T17:01:43 IST" duration-ms="559" status="PASS">
          <params>
            <param index="0">
              <value>
                <![CDATA[org.testng.TestRunner@4da39ca9]]>
              </value>
            </param>
          </params>
          <reporter-output>
          </reporter-output>
        </test-method> <!-- setUpClass -->
        <test-method signature="runScenario(io.cucumber.testng.PickleWrapper,io.cucumber.testng.FeatureWrapper)[pri:0, instance:CucumberOptions.TestNGTestRunner@14028087]" started-at="2024-04-19T17:01:43 IST" name="runScenario" description="Runs Cucumber Scenarios" data-provider="scenarios" finished-at="2024-04-19T17:01:52 IST" duration-ms="9334" status="PASS">
          <params>
            <param index="0">
              <value>
                <![CDATA["Manage Service Request page Test"]]>
              </value>
            </param>
            <param index="1">
              <value>
                <![CDATA["Test Backgroud Feature"]]>
              </value>
            </param>
          </params>
          <reporter-output>
          </reporter-output>
        </test-method> <!-- runScenario -->
        <test-method signature="runScenario(io.cucumber.testng.PickleWrapper,io.cucumber.testng.FeatureWrapper)[pri:0, instance:CucumberOptions.TestNGTestRunner@14028087]" started-at="2024-04-19T17:01:52 IST" name="runScenario" description="Runs Cucumber Scenarios" data-provider="scenarios" finished-at="2024-04-19T17:02:05 IST" duration-ms="13285" status="FAIL">
          <params>
            <param index="0">
              <value>
                <![CDATA["BPRA Calculation page test"]]>
              </value>
            </param>
            <param index="1">
              <value>
                <![CDATA["Test Backgroud Feature"]]>
              </value>
            </param>
          </params>
          <exception class="java.lang.AssertionError">
            <message>
              <![CDATA[expected [BPRA Calculation | Park Square Homes] but found [BPRA Calculation | Park Square Homes1]]]>
            </message>
            <full-stacktrace>
              <![CDATA[java.lang.AssertionError: expected [BPRA Calculation | Park Square Homes] but found [BPRA Calculation | Park Square Homes1]
at org.testng.Assert.fail(Assert.java:111)
at org.testng.Assert.failNotEquals(Assert.java:1578)
at org.testng.Assert.assertEqualsImpl(Assert.java:150)
at org.testng.Assert.assertEquals(Assert.java:132)
at org.testng.Assert.assertEquals(Assert.java:656)
at org.testng.Assert.assertEquals(Assert.java:666)
at StepDefinition.ParkSquareHomesSteps.validate_user_is_on_bpra_calculation_page(ParkSquareHomesSteps.java:103)
at âœ½.validate user is on BPRA Calculation page(file:///C:/Users/vishakha.darji/Git_ParkSquareHomes/src/test/java/Features/ParkSquareHomes.feature:19)
]]>
            </full-stacktrace>
          </exception> <!-- java.lang.AssertionError -->
          <reporter-output>
          </reporter-output>
        </test-method> <!-- runScenario -->
        <test-method is-config="true" signature="tearDownClass()[pri:0, instance:CucumberOptions.TestNGTestRunner@14028087]" started-at="2024-04-19T17:02:05 IST" name="tearDownClass" finished-at="2024-04-19T17:02:06 IST" duration-ms="526" status="PASS">
          <reporter-output>
          </reporter-output>
        </test-method> <!-- tearDownClass -->
      </class> <!-- CucumberOptions.TestNGTestRunner -->
    </test> <!-- Default test -->
  </suite> <!-- Default suite -->
</testng-results>
