<?xml version="1.0" encoding="UTF-8"?>
<!-- Generated by org.testng.reporters.JUnitReportReporter -->
<testsuite hostname="PHO281" failures="1" tests="2" name="CucumberOptions.TestNGTestRunner" time="22.619" errors="0" timestamp="2024-04-19T17:02:06 IST" skipped="0">
  <testcase classname="CucumberOptions.TestNGTestRunner" name="runScenario" time="13.285">
    <failure message="expected [BPRA Calculation | Park Square Homes] but found [BPRA Calculation | Park Square Homes1]" type="java.lang.AssertionError">
      <![CDATA[java.lang.AssertionError: expected [BPRA Calculation | Park Square Homes] but found [BPRA Calculation | Park Square Homes1]
at org.testng.Assert.fail(Assert.java:111)
at org.testng.Assert.failNotEquals(Assert.java:1578)
at org.testng.Assert.assertEqualsImpl(Assert.java:150)
at org.testng.Assert.assertEquals(Assert.java:132)
at org.testng.Assert.assertEquals(Assert.java:656)
at org.testng.Assert.assertEquals(Assert.java:666)
at StepDefinition.ParkSquareHomesSteps.validate_user_is_on_bpra_calculation_page(ParkSquareHomesSteps.java:103)
at âœ½.validate user is on BPRA Calculation page(file:///C:/Users/vishakha.darji/Git_ParkSquareHomes/src/test/java/Features/ParkSquareHomes.feature:19)
]]>
    </failure>
  </testcase> <!-- runScenario -->
  <testcase classname="CucumberOptions.TestNGTestRunner" name="runScenario" time="9.334"/>
</testsuite> <!-- CucumberOptions.TestNGTestRunner -->
